Сборка начата 25.09.2023 17:31:31.
Уровень детализации журнала: Normal.     1>Проект "C:\ПОИТ\3 sem\AiSD\Lab03\Lab03\Lab03\Lab03.vcxproj" в узле 2 (целевые объекты Build).
     1>InitializeBuildStatus:
         Создание "Debug\Lab03.tlog\unsuccessfulbuild", так как было задано "AlwaysCreate".
       ClCompile:
         C:\Program Files (x86)\Microsoft Visual Studio\2019\Community\VC\Tools\MSVC\14.29.30133\bin\HostX86\x86\CL.exe /c /ZI /JMC /nologo /W3 /WX- /diagnostics:column /sdl /Od /Oy- /D WIN32 /D _DEBUG /D _CONSOLE /D _UNICODE /D UNICODE /Gm- /EHsc /RTC1 /MDd /GS /fp:precise /permissive- /Zc:wchar_t /Zc:forScope /Zc:inline /Fo"Debug\\" /Fd"Debug\vc142.pdb" /external:W3 /Gd /TP /analyze- /FC /errorReport:prompt Lab03.cpp
         Lab03.cpp
     1>C:\ПОИТ\3 sem\AiSD\Lab03\Lab03\Lab03\Lab03.cpp(62,1): warning C4326: возвращаемый тип "main" должен быть "int", а не "void"
       Link:
         C:\Program Files (x86)\Microsoft Visual Studio\2019\Community\VC\Tools\MSVC\14.29.30133\bin\HostX86\x86\link.exe /ERRORREPORT:PROMPT /OUT:"C:\ПОИТ\3 sem\AiSD\Lab03\Lab03\Debug\Lab03.exe" /INCREMENTAL /ILK:"Debug\Lab03.ilk" /NOLOGO kernel32.lib user32.lib gdi32.lib winspool.lib comdlg32.lib advapi32.lib shell32.lib ole32.lib oleaut32.lib uuid.lib odbc32.lib odbccp32.lib /MANIFEST /MANIFESTUAC:"level='asInvoker' uiAccess='false'" /manifest:embed /DEBUG /PDB:"C:\ПОИТ\3 sem\AiSD\Lab03\Lab03\Debug\Lab03.pdb" /SUBSYSTEM:CONSOLE /TLBID:1 /DYNAMICBASE /NXCOMPAT /IMPLIB:"C:\ПОИТ\3 sem\AiSD\Lab03\Lab03\Debug\Lab03.lib" /MACHINE:X86 Debug\Lab03.obj
         Lab03.vcxproj -> C:\ПОИТ\3 sem\AiSD\Lab03\Lab03\Debug\Lab03.exe
       FinalizeBuildStatus:
         Файл "Debug\Lab03.tlog\unsuccessfulbuild" удаляется.
         Обращение к "Debug\Lab03.tlog\Lab03.lastbuildstate".
     1>Сборка проекта "C:\ПОИТ\3 sem\AiSD\Lab03\Lab03\Lab03\Lab03.vcxproj" завершена (целевые объекты Build).

Сборка успешно завершена.

       "C:\ПОИТ\3 sem\AiSD\Lab03\Lab03\Lab03\Lab03.vcxproj" (целевой объект Build ) (1) ->
       (Целевой объект ClCompile) -> 
         C:\ПОИТ\3 sem\AiSD\Lab03\Lab03\Lab03\Lab03.cpp(62,1): warning C4326: возвращаемый тип "main" должен быть "int", а не "void"

    Предупреждений: 1
    Ошибок: 0

Прошло времени 00:00:01.38
