Сборка начата 02.10.2023 17:20:51.
Уровень детализации журнала: Normal.     1>Проект "C:\ПОИТ\3 sem\AiSD\Lab04_Флойд\Lab04\Lab04\Lab04.vcxproj" в узле 2 (целевые объекты Build).
     1>InitializeBuildStatus:
         Создание "Debug\Lab04.tlog\unsuccessfulbuild", так как было задано "AlwaysCreate".
       ClCompile:
         C:\Program Files (x86)\Microsoft Visual Studio\2019\Community\VC\Tools\MSVC\14.29.30133\bin\HostX86\x86\CL.exe /c /ZI /JMC /nologo /W3 /WX- /diagnostics:column /sdl /Od /Oy- /D WIN32 /D _DEBUG /D _CONSOLE /D _UNICODE /D UNICODE /Gm- /EHsc /RTC1 /MDd /GS /fp:precise /permissive- /Zc:wchar_t /Zc:forScope /Zc:inline /Fo"Debug\\" /Fd"Debug\vc142.pdb" /external:W3 /Gd /TP /analyze- /FC /errorReport:prompt Lab04.cpp
         Lab04.cpp
     1>C:\ПОИТ\3 sem\AiSD\Lab04_Флойд\Lab04\Lab04\Lab04.cpp(72,1): warning C4326: возвращаемый тип "main" должен быть "int", а не "void"
       Link:
         C:\Program Files (x86)\Microsoft Visual Studio\2019\Community\VC\Tools\MSVC\14.29.30133\bin\HostX86\x86\link.exe /ERRORREPORT:PROMPT /OUT:"C:\ПОИТ\3 sem\AiSD\Lab04_Флойд\Lab04\Debug\Lab04.exe" /INCREMENTAL /ILK:"Debug\Lab04.ilk" /NOLOGO kernel32.lib user32.lib gdi32.lib winspool.lib comdlg32.lib advapi32.lib shell32.lib ole32.lib oleaut32.lib uuid.lib odbc32.lib odbccp32.lib /MANIFEST /MANIFESTUAC:"level='asInvoker' uiAccess='false'" /manifest:embed /DEBUG /PDB:"C:\ПОИТ\3 sem\AiSD\Lab04_Флойд\Lab04\Debug\Lab04.pdb" /SUBSYSTEM:CONSOLE /TLBID:1 /DYNAMICBASE /NXCOMPAT /IMPLIB:"C:\ПОИТ\3 sem\AiSD\Lab04_Флойд\Lab04\Debug\Lab04.lib" /MACHINE:X86 Debug\Lab04.obj
         Lab04.vcxproj -> C:\ПОИТ\3 sem\AiSD\Lab04_Флойд\Lab04\Debug\Lab04.exe
       FinalizeBuildStatus:
         Файл "Debug\Lab04.tlog\unsuccessfulbuild" удаляется.
         Обращение к "Debug\Lab04.tlog\Lab04.lastbuildstate".
     1>Сборка проекта "C:\ПОИТ\3 sem\AiSD\Lab04_Флойд\Lab04\Lab04\Lab04.vcxproj" завершена (целевые объекты Build).

Сборка успешно завершена.

       "C:\ПОИТ\3 sem\AiSD\Lab04_Флойд\Lab04\Lab04\Lab04.vcxproj" (целевой объект Build ) (1) ->
       (Целевой объект ClCompile) -> 
         C:\ПОИТ\3 sem\AiSD\Lab04_Флойд\Lab04\Lab04\Lab04.cpp(72,1): warning C4326: возвращаемый тип "main" должен быть "int", а не "void"

    Предупреждений: 1
    Ошибок: 0

Прошло времени 00:00:00.93
