Сборка начата 11.09.2023 17:41:41.
Уровень детализации журнала: Normal.     1>Проект "C:\ПОИТ\3 sem\AiSD\Lab02_Графы. Поиск в ширину и глубину\Lab02_Графы\Lab02_Графы\Lab02_Графы.vcxproj" в узле 2 (целевые объекты Build).
     1>InitializeBuildStatus:
         Создание "Debug\Lab02_Графы.tlog\unsuccessfulbuild", так как было задано "AlwaysCreate".
       ClCompile:
         C:\Program Files (x86)\Microsoft Visual Studio\2019\Community\VC\Tools\MSVC\14.29.30133\bin\HostX86\x86\CL.exe /c /ZI /JMC /nologo /W3 /WX- /diagnostics:column /sdl /Od /Oy- /D WIN32 /D _DEBUG /D _CONSOLE /D _UNICODE /D UNICODE /Gm- /EHsc /RTC1 /MDd /GS /fp:precise /permissive- /Zc:wchar_t /Zc:forScope /Zc:inline /Fo"Debug\\" /Fd"Debug\vc142.pdb" /external:W3 /Gd /TP /analyze- /FC /errorReport:prompt "Lab02_Графы.cpp"
         Lab02_Графы.cpp
     1>C:\ПОИТ\3 sem\AiSD\Lab02_Графы. Поиск в ширину и глубину\Lab02_Графы\Lab02_Графы\Lab02_Графы.cpp(70,1): warning C4326: возвращаемый тип "main" должен быть "int", а не "void"
       Link:
         C:\Program Files (x86)\Microsoft Visual Studio\2019\Community\VC\Tools\MSVC\14.29.30133\bin\HostX86\x86\link.exe /ERRORREPORT:PROMPT /OUT:"C:\ПОИТ\3 sem\AiSD\Lab02_Графы. Поиск в ширину и глубину\Lab02_Графы\Debug\Lab02_Графы.exe" /INCREMENTAL /ILK:"Debug\Lab02_Графы.ilk" /NOLOGO kernel32.lib user32.lib gdi32.lib winspool.lib comdlg32.lib advapi32.lib shell32.lib ole32.lib oleaut32.lib uuid.lib odbc32.lib odbccp32.lib /MANIFEST /MANIFESTUAC:"level='asInvoker' uiAccess='false'" /manifest:embed /DEBUG /PDB:"C:\ПОИТ\3 sem\AiSD\Lab02_Графы. Поиск в ширину и глубину\Lab02_Графы\Debug\Lab02_Графы.pdb" /SUBSYSTEM:CONSOLE /TLBID:1 /DYNAMICBASE /NXCOMPAT /IMPLIB:"C:\ПОИТ\3 sem\AiSD\Lab02_Графы. Поиск в ширину и глубину\Lab02_Графы\Debug\Lab02_Графы.lib" /MACHINE:X86 "Debug\Lab02_Графы.obj"
         Lab02_Графы.vcxproj -> C:\ПОИТ\3 sem\AiSD\Lab02_Графы. Поиск в ширину и глубину\Lab02_Графы\Debug\Lab02_Графы.exe
       FinalizeBuildStatus:
         Файл "Debug\Lab02_Графы.tlog\unsuccessfulbuild" удаляется.
         Обращение к "Debug\Lab02_Графы.tlog\Lab02_Графы.lastbuildstate".
     1>Сборка проекта "C:\ПОИТ\3 sem\AiSD\Lab02_Графы. Поиск в ширину и глубину\Lab02_Графы\Lab02_Графы\Lab02_Графы.vcxproj" завершена (целевые объекты Build).

Сборка успешно завершена.

       "C:\ПОИТ\3 sem\AiSD\Lab02_Графы. Поиск в ширину и глубину\Lab02_Графы\Lab02_Графы\Lab02_Графы.vcxproj" (целевой объект Build ) (1) ->
       (Целевой объект ClCompile) -> 
         C:\ПОИТ\3 sem\AiSD\Lab02_Графы. Поиск в ширину и глубину\Lab02_Графы\Lab02_Графы\Lab02_Графы.cpp(70,1): warning C4326: возвращаемый тип "main" должен быть "int", а не "void"

    Предупреждений: 1
    Ошибок: 0

Прошло времени 00:00:01.13
